2025-04-21 08:57:13 - INFO - Using device: cpu
2025-04-21 08:58:53 - INFO - Using device: cpu
2025-04-21 08:58:53 - INFO - Loading datasets...
2025-04-21 08:58:53 - INFO - Loading data from /home/pankaj/Desktop/698r project/my implementations/telugu-hwr/datasets/telugu datset/train.txt
2025-04-21 08:58:53 - INFO - Loaded 5000 samples
2025-04-21 08:58:53 - INFO - Loading data from /home/pankaj/Desktop/698r project/my implementations/telugu-hwr/datasets/telugu datset/val.txt
2025-04-21 08:58:53 - INFO - Loaded 500 samples
2025-04-21 08:58:53 - INFO - Loaded 5000 training samples and 500 validation samples
2025-04-21 08:58:53 - INFO - Analyzing dataset and creating vocabulary...
2025-04-21 08:59:08 - INFO - Created vocabulary with 76 characters
2025-04-21 08:59:08 - INFO - Saving vocabulary to: ./output/parseq_light/vocabulary.txt
2025-04-21 08:59:08 - INFO - Creating PARSeq model...
2025-04-21 08:59:08 - INFO - Model created with 7.98M parameters
2025-04-21 08:59:08 - INFO - Starting training...
2025-04-21 08:59:08 - INFO - Starting training for 30 epochs with max lr=0.000300
2025-04-21 09:03:30 - ERROR - Error calculating validation loss: 'targets'
2025-04-21 09:03:31 - ERROR - Error calculating validation loss: 'targets'
2025-04-21 09:03:33 - ERROR - Error calculating validation loss: 'targets'
2025-04-21 09:03:34 - ERROR - Error calculating validation loss: 'targets'
2025-04-21 09:03:36 - ERROR - Error calculating validation loss: 'targets'
2025-04-21 09:03:37 - ERROR - Error calculating validation loss: 'targets'
2025-04-21 09:03:39 - ERROR - Error calculating validation loss: 'targets'
2025-04-21 09:03:40 - ERROR - Error calculating validation loss: 'targets'
2025-04-21 09:03:42 - ERROR - Error calculating validation loss: 'targets'
2025-04-21 09:03:43 - ERROR - Error calculating validation loss: 'targets'
2025-04-21 09:03:45 - ERROR - Error calculating validation loss: 'targets'
2025-04-21 09:03:46 - ERROR - Error calculating validation loss: 'targets'
2025-04-21 09:03:48 - ERROR - Error calculating validation loss: 'targets'
2025-04-21 09:03:49 - ERROR - Error calculating validation loss: 'targets'
2025-04-21 09:03:51 - ERROR - Error calculating validation loss: 'targets'
2025-04-21 09:03:52 - ERROR - Error calculating validation loss: 'targets'
2025-04-21 09:03:52 - INFO - 
Validation Examples (GT vs Pred):
2025-04-21 09:03:52 - INFO - GT: 'బాలుడ్ని' | Pred: 'క్్్్్'
2025-04-21 09:03:52 - INFO - GT: 'కలుపుకునేవారు' | Pred: 'క్్్్్'
2025-04-21 09:03:52 - INFO - GT: 'చలో' | Pred: 'క్్్్్'
2025-04-21 09:03:52 - INFO - GT: 'పరిమితికీ' | Pred: 'క్్్్్'
2025-04-21 09:03:52 - INFO - GT: 'కంప్యూటింగ్' | Pred: 'క్్్్్'
2025-04-21 09:03:52 - INFO - Epoch 1/30 Summary - Train Loss: 3.6749, Val Loss: nan, Val CER: 92.36%, Val WER: 100.00%, Val Acc: 0.00%
2025-04-21 09:03:52 - INFO - Saved checkpoint to output/parseq_light/best_cer_model.pth
2025-04-21 09:08:03 - INFO - Epoch 2/30 - Train Loss: 3.4481 (validation skipped)
2025-04-21 09:11:41 - INFO - Using device: cpu
2025-04-21 09:11:41 - INFO - Loading datasets...
2025-04-21 09:11:41 - INFO - Loading data from /home/pankaj/Desktop/698r project/my implementations/telugu-hwr/datasets/telugu datset/train.txt
2025-04-21 09:11:41 - INFO - Loaded 1000 samples
2025-04-21 09:11:41 - INFO - Loading data from /home/pankaj/Desktop/698r project/my implementations/telugu-hwr/datasets/telugu datset/val.txt
2025-04-21 09:11:41 - INFO - Loaded 100 samples
2025-04-21 09:11:41 - INFO - Loaded 1000 training samples and 100 validation samples
2025-04-21 09:11:41 - INFO - Analyzing dataset and creating vocabulary...
2025-04-21 09:11:44 - INFO - Created vocabulary with 65 characters
2025-04-21 09:11:44 - INFO - Saving vocabulary to: ./output/parseq_light/vocabulary.txt
2025-04-21 09:11:44 - INFO - Creating PARSeq model...
2025-04-21 09:11:44 - INFO - Model created with 7.98M parameters
2025-04-21 09:11:44 - INFO - Starting training...
2025-04-21 09:11:44 - INFO - Starting training for 30 epochs with max lr=0.000300
2025-04-21 09:12:36 - ERROR - Error calculating validation loss: 'targets'
2025-04-21 09:12:38 - ERROR - Error calculating validation loss: 'targets'
2025-04-21 09:12:39 - ERROR - Error calculating validation loss: 'targets'
2025-04-21 09:12:40 - ERROR - Error calculating validation loss: 'targets'
2025-04-21 09:12:40 - INFO - 
Validation Examples (GT vs Pred):
2025-04-21 09:12:40 - INFO - GT: 'బాలుడ్ని' | Pred: '్్్్్్్'
2025-04-21 09:12:40 - INFO - GT: 'కలుపుకునేవారు' | Pred: '్్్్్్్'
2025-04-21 09:12:40 - INFO - GT: 'చలో' | Pred: '్్్్్్్'
2025-04-21 09:12:40 - INFO - GT: 'పరిమితికీ' | Pred: '్్్్్్్'
2025-04-21 09:12:40 - INFO - GT: 'కంప్యూటింగ్' | Pred: '్్్్్్్'
2025-04-21 09:12:40 - INFO - Epoch 1/30 Summary - Train Loss: 3.8038, Val Loss: nan, Val CER: 101.59%, Val WER: 100.00%, Val Acc: 0.00%
2025-04-21 09:12:40 - INFO - Saved checkpoint to output/parseq_light/best_cer_model.pth
2025-04-21 09:13:40 - ERROR - Error calculating validation loss: 'targets'
2025-04-21 09:13:41 - ERROR - Error calculating validation loss: 'targets'
2025-04-21 09:13:43 - ERROR - Error calculating validation loss: 'targets'
2025-04-21 09:13:43 - ERROR - Error calculating validation loss: 'targets'
2025-04-21 09:13:43 - INFO - 
Validation Examples (GT vs Pred):
2025-04-21 09:13:43 - INFO - GT: 'బాలుడ్ని' | Pred: 'ాా్్'
2025-04-21 09:13:43 - INFO - GT: 'కలుపుకునేవారు' | Pred: 'ాా్్'
2025-04-21 09:13:43 - INFO - GT: 'చలో' | Pred: 'ాా్్'
2025-04-21 09:13:43 - INFO - GT: 'పరిమితికీ' | Pred: 'ాా్్'
2025-04-21 09:13:43 - INFO - GT: 'కంప్యూటింగ్' | Pred: 'ాా్్'
2025-04-21 09:13:43 - INFO - Epoch 2/30 Summary - Train Loss: 3.5558, Val Loss: nan, Val CER: 89.96%, Val WER: 100.00%, Val Acc: 0.00%
2025-04-21 09:13:43 - INFO - Saved checkpoint to output/parseq_light/best_cer_model.pth
2025-04-21 09:14:39 - ERROR - Error calculating validation loss: 'targets'
2025-04-21 09:14:41 - ERROR - Error calculating validation loss: 'targets'
2025-04-21 09:14:42 - ERROR - Error calculating validation loss: 'targets'
2025-04-21 09:14:42 - ERROR - Error calculating validation loss: 'targets'
2025-04-21 09:14:42 - INFO - 
Validation Examples (GT vs Pred):
2025-04-21 09:14:42 - INFO - GT: 'బాలుడ్ని' | Pred: 'ర్్్్్'
2025-04-21 09:14:42 - INFO - GT: 'కలుపుకునేవారు' | Pred: 'ర్్్్్'
2025-04-21 09:14:42 - INFO - GT: 'చలో' | Pred: 'ర్్్్్'
2025-04-21 09:14:42 - INFO - GT: 'పరిమితికీ' | Pred: 'ర్్్్్'
2025-04-21 09:14:42 - INFO - GT: 'కంప్యూటింగ్' | Pred: 'ర్్్్్'
2025-04-21 09:14:42 - INFO - Epoch 3/30 Summary - Train Loss: 3.5327, Val Loss: nan, Val CER: 94.00%, Val WER: 100.00%, Val Acc: 0.00%
2025-04-21 09:16:30 - INFO - Using device: cpu
2025-04-21 09:16:30 - INFO - Loading datasets...
2025-04-21 09:16:30 - INFO - Loading data from /home/pankaj/Desktop/698r project/my implementations/telugu-hwr/datasets/telugu datset/train.txt
2025-04-21 09:16:30 - INFO - Loaded 1000 samples
2025-04-21 09:16:30 - INFO - Loading data from /home/pankaj/Desktop/698r project/my implementations/telugu-hwr/datasets/telugu datset/val.txt
2025-04-21 09:16:30 - INFO - Loaded 100 samples
2025-04-21 09:16:30 - INFO - Loaded 1000 training samples and 100 validation samples
2025-04-21 09:16:30 - INFO - Analyzing dataset and creating vocabulary...
2025-04-21 09:17:11 - INFO - Using device: cpu
2025-04-21 09:17:11 - INFO - Loading datasets...
2025-04-21 09:17:11 - INFO - Loading data from /home/pankaj/Desktop/698r project/my implementations/telugu-hwr/datasets/telugu datset/train.txt
2025-04-21 09:17:11 - INFO - Loaded 1000 samples
2025-04-21 09:17:11 - INFO - Loading data from /home/pankaj/Desktop/698r project/my implementations/telugu-hwr/datasets/telugu datset/val.txt
2025-04-21 09:17:11 - INFO - Loaded 100 samples
2025-04-21 09:17:11 - INFO - Loaded 1000 training samples and 100 validation samples
2025-04-21 09:17:11 - INFO - Loading vocabulary from: ./output/vocabulary.txt
2025-04-21 09:17:11 - INFO - Loaded vocabulary with 87 characters
2025-04-21 09:17:11 - INFO - Creating PARSeq model...
2025-04-21 09:17:11 - INFO - Model created with 7.99M parameters
2025-04-21 09:17:11 - INFO - Starting training...
2025-04-21 09:17:11 - INFO - Starting training for 30 epochs with max lr=0.000300
2025-04-21 09:17:59 - ERROR - Error calculating validation loss: 'targets'
2025-04-21 09:18:00 - ERROR - Error calculating validation loss: 'targets'
2025-04-21 09:18:01 - ERROR - Error calculating validation loss: 'targets'
2025-04-21 09:18:02 - ERROR - Error calculating validation loss: 'targets'
2025-04-21 09:18:02 - INFO - 
Validation Examples (GT vs Pred):
2025-04-21 09:18:02 - INFO - GT: 'బాలుడ్ని' | Pred: 'ిిిిిి'
2025-04-21 09:18:02 - INFO - GT: 'కలుపుకునేవారు' | Pred: 'ిిిిిి'
2025-04-21 09:18:02 - INFO - GT: 'చలో' | Pred: ''
2025-04-21 09:18:02 - INFO - GT: 'పరిమితికీ' | Pred: 'ిిిిిి'
2025-04-21 09:18:02 - INFO - GT: 'కంప్యూటింగ్' | Pred: 'ిిిిిి'
2025-04-21 09:18:02 - INFO - Epoch 1/30 Summary - Train Loss: 3.9831, Val Loss: nan, Val CER: 92.53%, Val WER: 100.00%, Val Acc: 0.00%
2025-04-21 09:18:02 - INFO - Saved checkpoint to output/parseq_light/best_cer_model.pth
2025-04-21 09:19:40 - INFO - Using device: cpu
2025-04-21 09:19:40 - INFO - Loading datasets...
2025-04-21 09:19:40 - INFO - Loading data from /home/pankaj/Desktop/698r project/my implementations/telugu-hwr/datasets/telugu datset/train.txt
2025-04-21 09:19:40 - INFO - Loaded 1000 samples
2025-04-21 09:19:40 - INFO - Loading data from /home/pankaj/Desktop/698r project/my implementations/telugu-hwr/datasets/telugu datset/val.txt
2025-04-21 09:19:40 - INFO - Loaded 100 samples
2025-04-21 09:19:40 - INFO - Loaded 1000 training samples and 100 validation samples
2025-04-21 09:19:40 - INFO - Loading vocabulary from: ./output/vocabulary.txt
2025-04-21 09:19:40 - INFO - Loaded vocabulary with 87 characters
2025-04-21 09:19:40 - INFO - Creating PARSeq model...
2025-04-21 09:19:41 - INFO - Model created with 7.99M parameters
2025-04-21 09:19:41 - INFO - Starting training...
2025-04-21 09:19:41 - INFO - Starting training for 30 epochs with max lr=0.000300
2025-04-21 09:23:44 - INFO - Using device: cuda
2025-04-21 09:23:44 - INFO - Loading datasets...
2025-04-21 09:23:44 - INFO - Loading data from /home/pankaj/Desktop/698r project/my implementations/telugu-hwr/datasets/telugu datset/train.txt
2025-04-21 09:23:44 - INFO - Loaded 1000 samples
2025-04-21 09:23:44 - INFO - Loading data from /home/pankaj/Desktop/698r project/my implementations/telugu-hwr/datasets/telugu datset/val.txt
2025-04-21 09:23:44 - INFO - Loaded 100 samples
2025-04-21 09:23:44 - INFO - Loaded 1000 training samples and 100 validation samples
2025-04-21 09:23:44 - INFO - Loading vocabulary from: ./output/vocabulary.txt
2025-04-21 09:23:44 - INFO - Loaded vocabulary with 87 characters
2025-04-21 09:23:44 - INFO - Creating PARSeq model...
2025-04-21 09:23:44 - INFO - Model created with 7.99M parameters
2025-04-21 09:23:44 - INFO - Starting training...
2025-04-21 09:23:44 - INFO - Starting training for 30 epochs with max lr=0.000300
2025-04-21 09:23:53 - ERROR - Error calculating validation loss: "host_softmax" not implemented for 'Long'
2025-04-21 09:23:53 - ERROR - Traceback (most recent call last):
  File "/home/pankaj/Desktop/698r project/my implementations/telugu-hwr/trainers/parseq_trainer2.py", line 264, in validate
    loss = F.cross_entropy(
        logits.reshape(-1, logits.size(-1)),
    ...<2 lines>...
        label_smoothing=0.1
    )
  File "/home/pankaj/miniconda3/envs/698r/lib/python3.13/site-packages/torch/nn/functional.py", line 3494, in cross_entropy
    return torch._C._nn.cross_entropy_loss(
           ~~~~~~~~~~~~~~~~~~~~~~~~~~~~~~~^
        input,
        ^^^^^^
    ...<4 lines>...
        label_smoothing,
        ^^^^^^^^^^^^^^^^
    )
    ^
RuntimeError: "host_softmax" not implemented for 'Long'

2025-04-21 09:23:54 - ERROR - Error calculating validation loss: "host_softmax" not implemented for 'Long'
2025-04-21 09:23:54 - ERROR - Traceback (most recent call last):
  File "/home/pankaj/Desktop/698r project/my implementations/telugu-hwr/trainers/parseq_trainer2.py", line 264, in validate
    loss = F.cross_entropy(
        logits.reshape(-1, logits.size(-1)),
    ...<2 lines>...
        label_smoothing=0.1
    )
  File "/home/pankaj/miniconda3/envs/698r/lib/python3.13/site-packages/torch/nn/functional.py", line 3494, in cross_entropy
    return torch._C._nn.cross_entropy_loss(
           ~~~~~~~~~~~~~~~~~~~~~~~~~~~~~~~^
        input,
        ^^^^^^
    ...<4 lines>...
        label_smoothing,
        ^^^^^^^^^^^^^^^^
    )
    ^
RuntimeError: "host_softmax" not implemented for 'Long'

2025-04-21 09:23:54 - ERROR - Error calculating validation loss: "host_softmax" not implemented for 'Long'
2025-04-21 09:23:54 - ERROR - Traceback (most recent call last):
  File "/home/pankaj/Desktop/698r project/my implementations/telugu-hwr/trainers/parseq_trainer2.py", line 264, in validate
    loss = F.cross_entropy(
        logits.reshape(-1, logits.size(-1)),
    ...<2 lines>...
        label_smoothing=0.1
    )
  File "/home/pankaj/miniconda3/envs/698r/lib/python3.13/site-packages/torch/nn/functional.py", line 3494, in cross_entropy
    return torch._C._nn.cross_entropy_loss(
           ~~~~~~~~~~~~~~~~~~~~~~~~~~~~~~~^
        input,
        ^^^^^^
    ...<4 lines>...
        label_smoothing,
        ^^^^^^^^^^^^^^^^
    )
    ^
RuntimeError: "host_softmax" not implemented for 'Long'

2025-04-21 09:23:54 - ERROR - Error calculating validation loss: "host_softmax" not implemented for 'Long'
2025-04-21 09:23:54 - ERROR - Traceback (most recent call last):
  File "/home/pankaj/Desktop/698r project/my implementations/telugu-hwr/trainers/parseq_trainer2.py", line 264, in validate
    loss = F.cross_entropy(
        logits.reshape(-1, logits.size(-1)),
    ...<2 lines>...
        label_smoothing=0.1
    )
  File "/home/pankaj/miniconda3/envs/698r/lib/python3.13/site-packages/torch/nn/functional.py", line 3494, in cross_entropy
    return torch._C._nn.cross_entropy_loss(
           ~~~~~~~~~~~~~~~~~~~~~~~~~~~~~~~^
        input,
        ^^^^^^
    ...<4 lines>...
        label_smoothing,
        ^^^^^^^^^^^^^^^^
    )
    ^
RuntimeError: "host_softmax" not implemented for 'Long'

2025-04-21 09:23:54 - INFO - 
Validation Examples (GT vs Pred):
2025-04-21 09:23:54 - INFO - GT: 'బాలుడ్ని' | Pred: '్్్్్్్్్్'
2025-04-21 09:23:54 - INFO - GT: 'కలుపుకునేవారు' | Pred: '్్్్్్్్్్'
2025-04-21 09:23:54 - INFO - GT: 'చలో' | Pred: '్్్్్్్్్'
2025-04-21 09:23:54 - INFO - GT: 'పరిమితికీ' | Pred: '్్్్్్్్్్'
2025-04-21 09:23:54 - INFO - GT: 'కంప్యూటింగ్' | Pred: '్్్్్్్్్్'
2025-04-21 09:23:54 - INFO - Epoch 1/30 Summary - Train Loss: 4.0091, Val Loss: nan, Val CER: 119.22%, Val WER: 100.00%, Val Acc: 0.00%
2025-04-21 09:23:54 - INFO - Saved checkpoint to output/parseq_light/best_cer_model.pth
2025-04-21 09:24:03 - ERROR - Error calculating validation loss: "host_softmax" not implemented for 'Long'
2025-04-21 09:24:03 - ERROR - Traceback (most recent call last):
  File "/home/pankaj/Desktop/698r project/my implementations/telugu-hwr/trainers/parseq_trainer2.py", line 264, in validate
    loss = F.cross_entropy(
        logits.reshape(-1, logits.size(-1)),
    ...<2 lines>...
        label_smoothing=0.1
    )
  File "/home/pankaj/miniconda3/envs/698r/lib/python3.13/site-packages/torch/nn/functional.py", line 3494, in cross_entropy
    return torch._C._nn.cross_entropy_loss(
           ~~~~~~~~~~~~~~~~~~~~~~~~~~~~~~~^
        input,
        ^^^^^^
    ...<4 lines>...
        label_smoothing,
        ^^^^^^^^^^^^^^^^
    )
    ^
RuntimeError: "host_softmax" not implemented for 'Long'

2025-04-21 09:24:03 - ERROR - Error calculating validation loss: "host_softmax" not implemented for 'Long'
2025-04-21 09:24:03 - ERROR - Traceback (most recent call last):
  File "/home/pankaj/Desktop/698r project/my implementations/telugu-hwr/trainers/parseq_trainer2.py", line 264, in validate
    loss = F.cross_entropy(
        logits.reshape(-1, logits.size(-1)),
    ...<2 lines>...
        label_smoothing=0.1
    )
  File "/home/pankaj/miniconda3/envs/698r/lib/python3.13/site-packages/torch/nn/functional.py", line 3494, in cross_entropy
    return torch._C._nn.cross_entropy_loss(
           ~~~~~~~~~~~~~~~~~~~~~~~~~~~~~~~^
        input,
        ^^^^^^
    ...<4 lines>...
        label_smoothing,
        ^^^^^^^^^^^^^^^^
    )
    ^
RuntimeError: "host_softmax" not implemented for 'Long'

2025-04-21 09:24:03 - ERROR - Error calculating validation loss: "host_softmax" not implemented for 'Long'
2025-04-21 09:24:03 - ERROR - Traceback (most recent call last):
  File "/home/pankaj/Desktop/698r project/my implementations/telugu-hwr/trainers/parseq_trainer2.py", line 264, in validate
    loss = F.cross_entropy(
        logits.reshape(-1, logits.size(-1)),
    ...<2 lines>...
        label_smoothing=0.1
    )
  File "/home/pankaj/miniconda3/envs/698r/lib/python3.13/site-packages/torch/nn/functional.py", line 3494, in cross_entropy
    return torch._C._nn.cross_entropy_loss(
           ~~~~~~~~~~~~~~~~~~~~~~~~~~~~~~~^
        input,
        ^^^^^^
    ...<4 lines>...
        label_smoothing,
        ^^^^^^^^^^^^^^^^
    )
    ^
RuntimeError: "host_softmax" not implemented for 'Long'

2025-04-21 09:24:03 - ERROR - Error calculating validation loss: "host_softmax" not implemented for 'Long'
2025-04-21 09:24:03 - ERROR - Traceback (most recent call last):
  File "/home/pankaj/Desktop/698r project/my implementations/telugu-hwr/trainers/parseq_trainer2.py", line 264, in validate
    loss = F.cross_entropy(
        logits.reshape(-1, logits.size(-1)),
    ...<2 lines>...
        label_smoothing=0.1
    )
  File "/home/pankaj/miniconda3/envs/698r/lib/python3.13/site-packages/torch/nn/functional.py", line 3494, in cross_entropy
    return torch._C._nn.cross_entropy_loss(
           ~~~~~~~~~~~~~~~~~~~~~~~~~~~~~~~^
        input,
        ^^^^^^
    ...<4 lines>...
        label_smoothing,
        ^^^^^^^^^^^^^^^^
    )
    ^
RuntimeError: "host_softmax" not implemented for 'Long'

2025-04-21 09:24:03 - INFO - 
Validation Examples (GT vs Pred):
2025-04-21 09:24:03 - INFO - GT: 'బాలుడ్ని' | Pred: 'ిిిి'
2025-04-21 09:24:03 - INFO - GT: 'కలుపుకునేవారు' | Pred: 'ిిిి'
2025-04-21 09:24:03 - INFO - GT: 'చలో' | Pred: 'ిిిి'
2025-04-21 09:24:03 - INFO - GT: 'పరిమితికీ' | Pred: 'ిిిి'
2025-04-21 09:24:03 - INFO - GT: 'కంప్యూటింగ్' | Pred: 'ిిిి'
2025-04-21 09:24:03 - INFO - Epoch 2/30 Summary - Train Loss: 3.6239, Val Loss: nan, Val CER: 91.92%, Val WER: 100.00%, Val Acc: 0.00%
2025-04-21 09:24:03 - INFO - Saved checkpoint to output/parseq_light/best_cer_model.pth
2025-04-21 09:39:03 - INFO - Using device: cuda
2025-04-21 09:39:03 - INFO - Loading datasets...
2025-04-21 09:39:03 - INFO - Loading data from /home/pankaj/Desktop/698r project/my implementations/telugu-hwr/datasets/telugu datset/train.txt
2025-04-21 09:39:03 - INFO - Loaded 1000 samples
2025-04-21 09:39:03 - INFO - Loading data from /home/pankaj/Desktop/698r project/my implementations/telugu-hwr/datasets/telugu datset/val.txt
2025-04-21 09:39:03 - INFO - Loaded 100 samples
2025-04-21 09:39:03 - INFO - Loaded 1000 training samples and 100 validation samples
2025-04-21 09:39:03 - INFO - Loading vocabulary from: ./output/vocabulary.txt
2025-04-21 09:39:03 - INFO - Loaded vocabulary with 87 characters
2025-04-21 09:39:03 - INFO - Creating PARSeq model...
2025-04-21 09:39:03 - INFO - Model created with 7.99M parameters
2025-04-21 09:39:03 - INFO - Starting training...
2025-04-21 09:39:03 - INFO - Starting training for 30 epochs with max lr=0.000300
2025-04-21 09:39:12 - ERROR - Error in validation batch 0: cannot access local variable 'decoder_output' where it is not associated with a value
2025-04-21 09:39:12 - ERROR - Error in validation batch 1: cannot access local variable 'decoder_output' where it is not associated with a value
2025-04-21 09:39:12 - ERROR - Error in validation batch 2: cannot access local variable 'decoder_output' where it is not associated with a value
2025-04-21 09:39:12 - ERROR - Error in validation batch 3: cannot access local variable 'decoder_output' where it is not associated with a value
2025-04-21 09:39:12 - INFO - 
Validation Examples (GT vs Pred):
2025-04-21 09:39:12 - INFO - Epoch 1/30 Summary - Train Loss: 4.0283, Val Loss: nan, Val CER: 100.00%, Val WER: 100.00%, Val Acc: 0.00%
2025-04-21 09:39:12 - INFO - Saved checkpoint to output/parseq_debug/best_cer_model.pth
2025-04-21 09:39:19 - ERROR - Error in validation batch 0: cannot access local variable 'decoder_output' where it is not associated with a value
2025-04-21 09:39:19 - ERROR - Error in validation batch 1: cannot access local variable 'decoder_output' where it is not associated with a value
2025-04-21 09:39:19 - ERROR - Error in validation batch 2: cannot access local variable 'decoder_output' where it is not associated with a value
2025-04-21 09:39:19 - ERROR - Error in validation batch 3: cannot access local variable 'decoder_output' where it is not associated with a value
2025-04-21 09:39:20 - INFO - 
Validation Examples (GT vs Pred):
2025-04-21 09:39:20 - INFO - Epoch 2/30 Summary - Train Loss: 3.5609, Val Loss: nan, Val CER: 100.00%, Val WER: 100.00%, Val Acc: 0.00%
2025-04-21 09:39:29 - ERROR - Error in validation batch 0: cannot access local variable 'decoder_output' where it is not associated with a value
2025-04-21 09:39:29 - ERROR - Error in validation batch 1: cannot access local variable 'decoder_output' where it is not associated with a value
2025-04-21 09:39:29 - ERROR - Error in validation batch 2: cannot access local variable 'decoder_output' where it is not associated with a value
2025-04-21 09:39:29 - ERROR - Error in validation batch 3: cannot access local variable 'decoder_output' where it is not associated with a value
2025-04-21 09:39:29 - INFO - 
Validation Examples (GT vs Pred):
2025-04-21 09:39:29 - INFO - Epoch 3/30 Summary - Train Loss: 3.4963, Val Loss: nan, Val CER: 100.00%, Val WER: 100.00%, Val Acc: 0.00%
2025-04-21 09:39:38 - ERROR - Error in validation batch 0: cannot access local variable 'decoder_output' where it is not associated with a value
2025-04-21 09:39:38 - ERROR - Error in validation batch 1: cannot access local variable 'decoder_output' where it is not associated with a value
2025-04-21 09:39:38 - ERROR - Error in validation batch 2: cannot access local variable 'decoder_output' where it is not associated with a value
2025-04-21 09:39:38 - ERROR - Error in validation batch 3: cannot access local variable 'decoder_output' where it is not associated with a value
2025-04-21 09:39:38 - INFO - 
Validation Examples (GT vs Pred):
2025-04-21 09:39:38 - INFO - Epoch 4/30 Summary - Train Loss: 3.4630, Val Loss: nan, Val CER: 100.00%, Val WER: 100.00%, Val Acc: 0.00%
2025-04-21 09:39:50 - INFO - Using device: cuda
2025-04-21 09:39:50 - INFO - Loading datasets...
2025-04-21 09:39:50 - INFO - Loading data from /home/pankaj/Desktop/698r project/my implementations/telugu-hwr/datasets/telugu datset/train.txt
2025-04-21 09:39:50 - INFO - Loaded 1000 samples
2025-04-21 09:39:50 - INFO - Loading data from /home/pankaj/Desktop/698r project/my implementations/telugu-hwr/datasets/telugu datset/val.txt
2025-04-21 09:39:50 - INFO - Loaded 100 samples
2025-04-21 09:39:50 - INFO - Loaded 1000 training samples and 100 validation samples
2025-04-21 09:39:50 - INFO - Loading vocabulary from: ./output/vocabulary.txt
2025-04-21 09:39:50 - INFO - Loaded vocabulary with 87 characters
2025-04-21 09:39:50 - INFO - Creating PARSeq model...
2025-04-21 09:39:50 - INFO - Model created with 7.99M parameters
2025-04-21 09:39:50 - INFO - Starting training...
2025-04-21 09:39:51 - INFO - Starting training for 30 epochs with max lr=0.000300
2025-04-21 09:40:00 - ERROR - Error in validation batch 0: cannot access local variable 'decoder_output' where it is not associated with a value
2025-04-21 09:40:00 - ERROR - Error in validation batch 1: cannot access local variable 'decoder_output' where it is not associated with a value
2025-04-21 09:40:00 - ERROR - Error in validation batch 2: cannot access local variable 'decoder_output' where it is not associated with a value
2025-04-21 09:40:00 - ERROR - Error in validation batch 3: cannot access local variable 'decoder_output' where it is not associated with a value
2025-04-21 09:40:00 - INFO - 
Validation Examples (GT vs Pred):
2025-04-21 09:40:00 - INFO - Epoch 1/30 Summary - Train Loss: 4.0111, Val Loss: nan, Val CER: 100.00%, Val WER: 100.00%, Val Acc: 0.00%
2025-04-21 09:40:00 - INFO - Saved checkpoint to output/parseq_light/best_cer_model.pth
2025-04-21 09:40:08 - ERROR - Error in validation batch 0: cannot access local variable 'decoder_output' where it is not associated with a value
2025-04-21 09:40:08 - ERROR - Error in validation batch 1: cannot access local variable 'decoder_output' where it is not associated with a value
2025-04-21 09:40:09 - ERROR - Error in validation batch 2: cannot access local variable 'decoder_output' where it is not associated with a value
2025-04-21 09:40:09 - ERROR - Error in validation batch 3: cannot access local variable 'decoder_output' where it is not associated with a value
2025-04-21 09:40:09 - INFO - 
Validation Examples (GT vs Pred):
2025-04-21 09:40:09 - INFO - Epoch 2/30 Summary - Train Loss: 3.6208, Val Loss: nan, Val CER: 100.00%, Val WER: 100.00%, Val Acc: 0.00%
2025-04-21 09:40:17 - ERROR - Error in validation batch 0: cannot access local variable 'decoder_output' where it is not associated with a value
2025-04-21 09:40:17 - ERROR - Error in validation batch 1: cannot access local variable 'decoder_output' where it is not associated with a value
2025-04-21 09:40:17 - ERROR - Error in validation batch 2: cannot access local variable 'decoder_output' where it is not associated with a value
2025-04-21 09:40:17 - ERROR - Error in validation batch 3: cannot access local variable 'decoder_output' where it is not associated with a value
2025-04-21 09:40:17 - INFO - 
Validation Examples (GT vs Pred):
2025-04-21 09:40:17 - INFO - Epoch 3/30 Summary - Train Loss: 3.5990, Val Loss: nan, Val CER: 100.00%, Val WER: 100.00%, Val Acc: 0.00%
2025-04-21 09:43:40 - INFO - Using device: cuda
2025-04-21 09:43:40 - INFO - Loading datasets...
2025-04-21 09:43:40 - INFO - Loading data from /home/pankaj/Desktop/698r project/my implementations/telugu-hwr/datasets/telugu datset/train.txt
2025-04-21 09:43:40 - INFO - Loaded 1000 samples
2025-04-21 09:43:40 - INFO - Loading data from /home/pankaj/Desktop/698r project/my implementations/telugu-hwr/datasets/telugu datset/val.txt
2025-04-21 09:43:40 - INFO - Loaded 100 samples
2025-04-21 09:43:40 - INFO - Loaded 1000 training samples and 100 validation samples
2025-04-21 09:43:40 - INFO - Loading vocabulary from: ./output/vocabulary.txt
2025-04-21 09:43:40 - INFO - Loaded vocabulary with 87 characters
2025-04-21 09:43:40 - INFO - Creating PARSeq model...
2025-04-21 09:43:40 - INFO - Model created with 7.99M parameters
2025-04-21 09:43:40 - INFO - Starting training...
2025-04-21 09:43:40 - INFO - Starting training for 30 epochs with max lr=0.000300
2025-04-21 09:43:49 - INFO - 
Validation Examples (GT vs Pred):
2025-04-21 09:43:49 - INFO - GT: 'బాలుడ్ని' | Pred: 'ర్్్్'
2025-04-21 09:43:49 - INFO - GT: 'కలుపుకునేవారు' | Pred: 'ర్్్్'
2025-04-21 09:43:49 - INFO - GT: 'చలో' | Pred: 'ర్్్్'
2025-04-21 09:43:49 - INFO - GT: 'పరిమితికీ' | Pred: 'ర్్్్'
2025-04-21 09:43:49 - INFO - GT: 'కంప్యూటింగ్' | Pred: 'ర్్్్'
2025-04-21 09:43:49 - INFO - Epoch 1/30 Summary - Train Loss: 3.9539, Val Loss: nan, Val CER: 92.17%, Val WER: 100.00%, Val Acc: 0.00%
2025-04-21 09:43:49 - INFO - Saved checkpoint to output/parseq_debug/best_cer_model.pth
2025-04-21 09:43:57 - INFO - 
Validation Examples (GT vs Pred):
2025-04-21 09:43:57 - INFO - GT: 'బాలుడ్ని' | Pred: 'ప్్్్్'
2025-04-21 09:43:57 - INFO - GT: 'కలుపుకునేవారు' | Pred: 'ప్్్్్'
2025-04-21 09:43:57 - INFO - GT: 'చలో' | Pred: 'ప్్్్్'
2025-04-21 09:43:57 - INFO - GT: 'పరిమితికీ' | Pred: 'ప్్్్్'
2025-04-21 09:43:57 - INFO - GT: 'కంప్యూటింగ్' | Pred: 'ప్్్్్'
2025-04-21 09:43:57 - INFO - Epoch 2/30 Summary - Train Loss: 3.5487, Val Loss: nan, Val CER: 93.51%, Val WER: 100.00%, Val Acc: 0.00%
2025-04-21 09:44:05 - INFO - 
Validation Examples (GT vs Pred):
2025-04-21 09:44:05 - INFO - GT: 'బాలుడ్ని' | Pred: 'ప్్్్ిి'
2025-04-21 09:44:05 - INFO - GT: 'కలుపుకునేవారు' | Pred: 'ప్్్్ిి'
2025-04-21 09:44:05 - INFO - GT: 'చలో' | Pred: 'ప్్్్ి'
2025-04-21 09:44:05 - INFO - GT: 'పరిమితికీ' | Pred: 'ప్్్్ిి'
2025-04-21 09:44:05 - INFO - GT: 'కంప్యూటింగ్' | Pred: 'ప్్్్ిి'
2025-04-21 09:44:05 - INFO - Epoch 3/30 Summary - Train Loss: 3.4952, Val Loss: nan, Val CER: 91.92%, Val WER: 100.00%, Val Acc: 0.00%
2025-04-21 09:44:05 - INFO - Saved checkpoint to output/parseq_debug/best_cer_model.pth
2025-04-21 09:44:13 - INFO - 
Validation Examples (GT vs Pred):
2025-04-21 09:44:13 - INFO - GT: 'బాలుడ్ని' | Pred: 'క్్్్'
2025-04-21 09:44:13 - INFO - GT: 'కలుపుకునేవారు' | Pred: 'క్ర్్్'
2025-04-21 09:44:13 - INFO - GT: 'చలో' | Pred: 'క్్్్'
2025-04-21 09:44:13 - INFO - GT: 'పరిమితికీ' | Pred: 'క్్్్'
2025-04-21 09:44:13 - INFO - GT: 'కంప్యూటింగ్' | Pred: 'క్ర్్్'
2025-04-21 09:44:13 - INFO - Epoch 4/30 Summary - Train Loss: 3.4458, Val Loss: nan, Val CER: 91.31%, Val WER: 100.00%, Val Acc: 0.00%
2025-04-21 09:44:13 - INFO - Saved checkpoint to output/parseq_debug/best_cer_model.pth
2025-04-21 09:46:33 - INFO - Using device: cuda
2025-04-21 09:46:33 - INFO - Loading datasets...
2025-04-21 09:46:33 - INFO - Loading data from /home/pankaj/Desktop/698r project/my implementations/telugu-hwr/datasets/telugu datset/train.txt
2025-04-21 09:46:33 - INFO - Loaded 10000 samples
2025-04-21 09:46:33 - INFO - Loading data from /home/pankaj/Desktop/698r project/my implementations/telugu-hwr/datasets/telugu datset/val.txt
2025-04-21 09:46:33 - INFO - Loaded 1000 samples
2025-04-21 09:46:33 - INFO - Loaded 10000 training samples and 1000 validation samples
2025-04-21 09:46:33 - INFO - Loading vocabulary from: ./output/vocabulary.txt
2025-04-21 09:46:33 - INFO - Loaded vocabulary with 87 characters
2025-04-21 09:46:33 - INFO - Creating PARSeq model...
2025-04-21 09:46:33 - INFO - Model created with 7.99M parameters
2025-04-21 09:46:33 - INFO - Starting training...
2025-04-21 09:46:33 - INFO - Starting training for 30 epochs with max lr=0.000300
2025-04-21 09:48:04 - INFO - 
Validation Examples (GT vs Pred):
2025-04-21 09:48:04 - INFO - GT: 'బాలుడ్ని' | Pred: 'ప్్ి'
2025-04-21 09:48:04 - INFO - GT: 'కలుపుకునేవారు' | Pred: 'ప్్ి'
2025-04-21 09:48:04 - INFO - GT: 'చలో' | Pred: 'ప్్'
2025-04-21 09:48:04 - INFO - GT: 'పరిమితికీ' | Pred: 'ప్్ి'
2025-04-21 09:48:04 - INFO - GT: 'కంప్యూటింగ్' | Pred: 'ప్్ిు'
2025-04-21 09:48:04 - INFO - Epoch 1/30 Summary - Train Loss: 3.6413, Val Loss: nan, Val CER: 85.86%, Val WER: 100.00%, Val Acc: 0.00%
2025-04-21 09:48:04 - INFO - Saved checkpoint to output/parseq_light/best_cer_model.pth
2025-04-21 09:48:43 - INFO - Epoch 2/30 - Train Loss: 3.2470 (validation skipped)
2025-04-21 09:49:26 - INFO - 
Validation Examples (GT vs Pred):
2025-04-21 09:49:26 - INFO - GT: 'బాలుడ్ని' | Pred: 'ప్ర్ర్త్'
2025-04-21 09:49:26 - INFO - GT: 'కలుపుకునేవారు' | Pred: 'ప్ర్రుకుకు'
2025-04-21 09:49:26 - INFO - GT: 'చలో' | Pred: 'కార్'
2025-04-21 09:49:26 - INFO - GT: 'పరిమితికీ' | Pred: 'ప్ర్రుకు'
2025-04-21 09:49:26 - INFO - GT: 'కంప్యూటింగ్' | Pred: 'ప్ర్రుకుకు'
2025-04-21 09:49:26 - INFO - Epoch 3/30 Summary - Train Loss: 3.0545, Val Loss: nan, Val CER: 91.18%, Val WER: 100.00%, Val Acc: 0.00%
2025-04-21 09:50:06 - INFO - Epoch 4/30 - Train Loss: 2.9292 (validation skipped)
2025-04-21 09:50:49 - INFO - 
Validation Examples (GT vs Pred):
2025-04-21 09:50:49 - INFO - GT: 'బాలుడ్ని' | Pred: 'ప్రాలించి'
2025-04-21 09:50:49 - INFO - GT: 'కలుపుకునేవారు' | Pred: 'ప్రారించించి'
2025-04-21 09:50:49 - INFO - GT: 'చలో' | Pred: 'ప్రాల్'
2025-04-21 09:50:49 - INFO - GT: 'పరిమితికీ' | Pred: 'ప్రాలించి'
2025-04-21 09:50:49 - INFO - GT: 'కంప్యూటింగ్' | Pred: 'ప్రారించించి'
2025-04-21 09:50:49 - INFO - Epoch 5/30 Summary - Train Loss: 2.8438, Val Loss: nan, Val CER: 98.55%, Val WER: 100.00%, Val Acc: 0.00%
2025-04-21 09:51:29 - INFO - Epoch 6/30 - Train Loss: 2.7794 (validation skipped)
2025-04-21 09:52:14 - INFO - 
Validation Examples (GT vs Pred):
2025-04-21 09:52:14 - INFO - GT: 'బాలుడ్ని' | Pred: 'కార్చుకు'
2025-04-21 09:52:14 - INFO - GT: 'కలుపుకునేవారు' | Pred: 'ప్రాందుకు'
2025-04-21 09:52:14 - INFO - GT: 'చలో' | Pred: 'కార్మ్'
2025-04-21 09:52:14 - INFO - GT: 'పరిమితికీ' | Pred: 'కార్మాని'
2025-04-21 09:52:14 - INFO - GT: 'కంప్యూటింగ్' | Pred: 'ప్రశ్యాలను'
2025-04-21 09:52:14 - INFO - Epoch 7/30 Summary - Train Loss: 2.7337, Val Loss: nan, Val CER: 90.90%, Val WER: 100.00%, Val Acc: 0.00%
2025-04-21 09:52:53 - INFO - Epoch 8/30 - Train Loss: 2.6934 (validation skipped)
2025-04-21 09:53:37 - INFO - 
Validation Examples (GT vs Pred):
2025-04-21 09:53:37 - INFO - GT: 'బాలుడ్ని' | Pred: 'ప్రాలనికి'
2025-04-21 09:53:37 - INFO - GT: 'కలుపుకునేవారు' | Pred: 'ప్రాయాలను'
2025-04-21 09:53:37 - INFO - GT: 'చలో' | Pred: 'కార్తి'
2025-04-21 09:53:37 - INFO - GT: 'పరిమితికీ' | Pred: 'ప్రాలనికి'
2025-04-21 09:53:37 - INFO - GT: 'కంప్యూటింగ్' | Pred: 'ప్రాయాలను'
2025-04-21 09:53:37 - INFO - Epoch 9/30 Summary - Train Loss: 2.6638, Val Loss: nan, Val CER: 94.17%, Val WER: 100.00%, Val Acc: 0.00%
2025-04-21 09:54:17 - INFO - Epoch 10/30 - Train Loss: 2.6398 (validation skipped)
2025-04-21 09:55:01 - INFO - 
Validation Examples (GT vs Pred):
2025-04-21 09:55:01 - INFO - GT: 'బాలుడ్ని' | Pred: 'ప్రాణాలు'
2025-04-21 09:55:01 - INFO - GT: 'కలుపుకునేవారు' | Pred: 'ప్రయానంగా'
2025-04-21 09:55:01 - INFO - GT: 'చలో' | Pred: 'కార్టీ'
2025-04-21 09:55:01 - INFO - GT: 'పరిమితికీ' | Pred: 'ప్రాణాలను'
2025-04-21 09:55:01 - INFO - GT: 'కంప్యూటింగ్' | Pred: 'ప్రయానంగా'
2025-04-21 09:55:01 - INFO - Epoch 11/30 Summary - Train Loss: 2.6130, Val Loss: nan, Val CER: 91.88%, Val WER: 100.00%, Val Acc: 0.00%
2025-04-21 09:55:41 - INFO - Epoch 12/30 - Train Loss: 2.5914 (validation skipped)
2025-04-21 09:56:25 - INFO - 
Validation Examples (GT vs Pred):
2025-04-21 09:56:25 - INFO - GT: 'బాలుడ్ని' | Pred: 'ప్రాంటికి'
2025-04-21 09:56:25 - INFO - GT: 'కలుపుకునేవారు' | Pred: 'ప్రామానంలో'
2025-04-21 09:56:25 - INFO - GT: 'చలో' | Pred: 'కార్ట్'
2025-04-21 09:56:25 - INFO - GT: 'పరిమితికీ' | Pred: 'ప్రాంటికి'
2025-04-21 09:56:25 - INFO - GT: 'కంప్యూటింగ్' | Pred: 'ప్రామానికి'
2025-04-21 09:56:25 - INFO - Epoch 13/30 Summary - Train Loss: 2.5697, Val Loss: nan, Val CER: 100.00%, Val WER: 100.00%, Val Acc: 0.00%
2025-04-21 09:57:05 - INFO - Epoch 14/30 - Train Loss: 2.5470 (validation skipped)
2025-04-21 09:57:50 - INFO - 
Validation Examples (GT vs Pred):
2025-04-21 09:57:50 - INFO - GT: 'బాలుడ్ని' | Pred: 'ప్రస్తులు'
2025-04-21 09:57:50 - INFO - GT: 'కలుపుకునేవారు' | Pred: 'ప్రస్తున్నారు'
2025-04-21 09:57:50 - INFO - GT: 'చలో' | Pred: 'కార్డు'
2025-04-21 09:57:50 - INFO - GT: 'పరిమితికీ' | Pred: 'ప్రస్తులు'
2025-04-21 09:57:50 - INFO - GT: 'కంప్యూటింగ్' | Pred: 'ప్రాణాలను'
2025-04-21 09:57:50 - INFO - Epoch 15/30 Summary - Train Loss: 2.5322, Val Loss: nan, Val CER: 98.61%, Val WER: 100.00%, Val Acc: 0.00%
2025-04-21 09:58:30 - INFO - Epoch 16/30 - Train Loss: 2.5110 (validation skipped)
2025-04-21 09:59:16 - INFO - 
Validation Examples (GT vs Pred):
2025-04-21 09:59:16 - INFO - GT: 'బాలుడ్ని' | Pred: 'ప్రాణాలు'
2025-04-21 09:59:16 - INFO - GT: 'కలుపుకునేవారు' | Pred: 'ప్రాయాలను'
2025-04-21 09:59:16 - INFO - GT: 'చలో' | Pred: 'కార్ట్'
2025-04-21 09:59:16 - INFO - GT: 'పరిమితికీ' | Pred: 'ప్రాణాలు'
2025-04-21 09:59:16 - INFO - GT: 'కంప్యూటింగ్' | Pred: 'ప్రాణాలను'
2025-04-21 09:59:16 - INFO - Epoch 17/30 Summary - Train Loss: 2.4922, Val Loss: nan, Val CER: 88.59%, Val WER: 100.00%, Val Acc: 0.00%
