2025-04-24 00:47:24 - INFO - Using device: cuda
2025-04-24 00:47:24 - INFO - Loading datasets...
2025-04-24 00:47:24 - INFO - Loading data from /path/to/dataset/train.txt
2025-04-24 00:47:47 - INFO - Using device: cuda
2025-04-24 00:47:47 - INFO - Loading datasets...
2025-04-24 00:47:47 - INFO - Loading data from /home/pankaj/Desktop/698r project/my implementations/telugu-hwr/datasets/telugu datset/train.txt
2025-04-24 00:47:47 - INFO - Loaded 80693 samples
2025-04-24 00:47:47 - INFO - Loading data from /home/pankaj/Desktop/698r project/my implementations/telugu-hwr/datasets/telugu datset/val.txt
2025-04-24 00:47:47 - INFO - Loaded 20048 samples
2025-04-24 00:47:47 - INFO - Loading vocabulary from: output/vocabulary.txt
2025-04-24 00:47:47 - INFO - Loaded vocabulary with 87 characters
2025-04-24 00:47:47 - INFO - Creating model...
2025-04-24 00:47:47 - INFO - Using standard CRNN model
2025-04-24 00:47:47 - INFO - Model created with 10456536 parameters
2025-04-24 00:47:47 - INFO - Starting training...
2025-04-24 00:47:47 - INFO - Starting training for 30 epochs...
2025-04-24 00:51:21 - INFO - Using device: cuda
2025-04-24 00:51:21 - INFO - Loading datasets...
2025-04-24 00:51:21 - INFO - Loading data from /home/pankaj/Desktop/698r project/my implementations/telugu-hwr/datasets/telugu datset/train.txt
2025-04-24 00:51:21 - INFO - Loaded 1000 samples
2025-04-24 00:51:21 - INFO - Loading data from /home/pankaj/Desktop/698r project/my implementations/telugu-hwr/datasets/telugu datset/val.txt
2025-04-24 00:51:21 - INFO - Loaded 200 samples
2025-04-24 00:51:21 - INFO - Loading vocabulary from: output/vocabulary.txt
2025-04-24 00:51:21 - INFO - Loaded vocabulary with 87 characters
2025-04-24 00:51:21 - INFO - Creating model...
2025-04-24 00:51:22 - INFO - Using standard CRNN model
2025-04-24 00:51:22 - INFO - Model created with 10456536 parameters
2025-04-24 00:51:22 - INFO - Starting training...
2025-04-24 00:51:22 - INFO - Starting training for 20 epochs...
2025-04-24 00:51:38 - INFO - Validation Examples (GT vs Pred):
2025-04-24 00:51:38 - INFO - GT: 'బాలుడ్ని' | Pred: ''
2025-04-24 00:51:38 - INFO - GT: 'కలుపుకునేవారు' | Pred: ''
2025-04-24 00:51:38 - INFO - GT: 'చలో' | Pred: ''
2025-04-24 00:51:38 - INFO - Epoch 1/20 Summary - Train Loss: 6.4004, Val Loss: 6.6912, Val CER: 100.00%, Val WER: 100.00%, LR: 0.001000
2025-04-24 00:51:39 - INFO - Saved checkpoint to output/crnn/best_loss_model.pth
2025-04-24 00:51:39 - INFO - Saved best loss model with val_loss: 6.6912
2025-04-24 00:51:39 - INFO - Saved checkpoint to output/crnn/best_cer_model.pth
2025-04-24 00:51:39 - INFO - Saved best CER model with val_cer: 100.00%
2025-04-24 00:52:06 - INFO - Using device: cuda
2025-04-24 00:52:06 - INFO - Loading datasets...
2025-04-24 00:52:06 - INFO - Loading data from /home/pankaj/Desktop/698r project/my implementations/telugu-hwr/datasets/telugu datset/train.txt
2025-04-24 00:52:06 - INFO - Loaded 80693 samples
2025-04-24 00:52:06 - INFO - Loading data from /home/pankaj/Desktop/698r project/my implementations/telugu-hwr/datasets/telugu datset/val.txt
2025-04-24 00:52:06 - INFO - Loaded 20048 samples
2025-04-24 00:52:07 - INFO - Loading vocabulary from: output/vocabulary.txt
2025-04-24 00:52:07 - INFO - Loaded vocabulary with 87 characters
2025-04-24 00:52:07 - INFO - Creating model...
2025-04-24 00:52:07 - INFO - Using standard CRNN model
2025-04-24 00:52:07 - INFO - Model created with 10456536 parameters
2025-04-24 00:52:07 - INFO - Starting training...
2025-04-24 00:52:07 - INFO - Starting training for 20 epochs...
