2025-04-24 00:32:20 - INFO - Using device: cuda
2025-04-24 00:32:20 - INFO - Loading datasets...
2025-04-24 00:32:20 - INFO - Loading data from /home/pankaj/Desktop/698r project/my implementations/telugu-hwr/datasets/telugu datset/train.txt
2025-04-24 00:32:20 - INFO - Loaded 80693 samples
2025-04-24 00:32:20 - INFO - Loading data from /home/pankaj/Desktop/698r project/my implementations/telugu-hwr/datasets/telugu datset/val.txt
2025-04-24 00:32:20 - INFO - Loaded 20048 samples
2025-04-24 00:32:20 - INFO - Creating TrOCR model...
2025-04-24 00:37:21 - INFO - Starting training...
2025-04-24 00:37:21 - INFO - Starting training for 10 epochs...
2025-04-24 00:40:50 - INFO - Using device: cuda
2025-04-24 00:40:50 - INFO - Loading datasets...
2025-04-24 00:40:50 - INFO - Loading data from /home/pankaj/Desktop/698r project/my implementations/telugu-hwr/datasets/telugu datset/train.txt
2025-04-24 00:40:50 - INFO - Loaded 80693 samples
2025-04-24 00:40:50 - INFO - Loading data from /home/pankaj/Desktop/698r project/my implementations/telugu-hwr/datasets/telugu datset/val.txt
2025-04-24 00:40:50 - INFO - Loaded 20048 samples
2025-04-24 00:40:50 - INFO - Creating TrOCR model...
2025-04-24 00:40:55 - INFO - Starting training...
2025-04-24 00:40:55 - INFO - Starting training for 10 epochs...
2025-04-24 00:41:13 - INFO - Using device: cuda
2025-04-24 00:41:13 - INFO - Loading datasets...
2025-04-24 00:41:13 - INFO - Loading data from /home/pankaj/Desktop/698r project/my implementations/telugu-hwr/datasets/telugu datset/train.txt
2025-04-24 00:41:13 - INFO - Loaded 80693 samples
2025-04-24 00:41:13 - INFO - Loading data from /home/pankaj/Desktop/698r project/my implementations/telugu-hwr/datasets/telugu datset/val.txt
2025-04-24 00:41:13 - INFO - Loaded 20048 samples
2025-04-24 00:41:13 - INFO - Creating TrOCR model...
2025-04-24 00:41:18 - INFO - Starting training...
2025-04-24 00:41:18 - INFO - Starting training for 10 epochs...
2025-04-24 00:43:31 - INFO - Using device: cuda
2025-04-24 00:43:31 - INFO - Loading datasets...
2025-04-24 00:43:31 - INFO - Loading data from /home/pankaj/Desktop/698r project/my implementations/telugu-hwr/datasets/telugu datset/train.txt
2025-04-24 00:43:31 - INFO - Loaded 80693 samples
2025-04-24 00:43:31 - INFO - Loading data from /home/pankaj/Desktop/698r project/my implementations/telugu-hwr/datasets/telugu datset/val.txt
2025-04-24 00:43:31 - INFO - Loaded 20048 samples
2025-04-24 00:43:31 - INFO - Creating TrOCR model...
2025-04-24 00:43:37 - INFO - Starting training...
2025-04-24 00:43:37 - INFO - Starting training for 10 epochs...
2025-04-24 00:43:58 - INFO - Using device: cuda
2025-04-24 00:43:58 - INFO - Loading datasets...
2025-04-24 00:43:58 - INFO - Loading data from /home/pankaj/Desktop/698r project/my implementations/telugu-hwr/datasets/telugu datset/train.txt
2025-04-24 00:43:58 - INFO - Loaded 80693 samples
2025-04-24 00:43:58 - INFO - Loading data from /home/pankaj/Desktop/698r project/my implementations/telugu-hwr/datasets/telugu datset/val.txt
2025-04-24 00:43:58 - INFO - Loaded 20048 samples
2025-04-24 00:43:58 - INFO - Creating TrOCR model...
2025-04-24 00:44:04 - INFO - Starting training...
2025-04-24 00:44:04 - INFO - Starting training for 10 epochs...
